<?xml version="1.0" encoding="UTF-8"?>
<testng-results skipped="0" failed="0" ignored="0" total="1" passed="1">
  <reporter-output>
  </reporter-output>
  <suite name="Default suite" duration-ms="15988" started-at="2020-01-28T17:15:39Z" finished-at="2020-01-28T17:15:55Z">
    <groups>
    </groups>
    <test name="Default test" duration-ms="15988" started-at="2020-01-28T17:15:39Z" finished-at="2020-01-28T17:15:55Z">
      <class name="actionExamples.ActionClass">
        <test-method status="PASS" signature="Setup()[pri:0, instance:actionExamples.ActionClass@51efea79]" name="Setup" is-config="true" duration-ms="15" started-at="2020-01-28T17:15:39Z" finished-at="2020-01-28T17:15:39Z">
          <reporter-output>
          </reporter-output>
        </test-method> <!-- Setup -->
        <test-method status="PASS" signature="openBrowser()[pri:0, instance:actionExamples.ActionClass@51efea79]" name="openBrowser" is-config="true" duration-ms="12450" started-at="2020-01-28T17:15:39Z" finished-at="2020-01-28T17:15:52Z">
          <reporter-output>
          </reporter-output>
        </test-method> <!-- openBrowser -->
        <test-method status="PASS" signature="browseCategories()[pri:0, instance:actionExamples.ActionClass@51efea79]" name="browseCategories" duration-ms="3499" started-at="2020-01-28T17:15:52Z" finished-at="2020-01-28T17:15:55Z">
          <reporter-output>
          </reporter-output>
        </test-method> <!-- browseCategories -->
        <test-method status="PASS" signature="tearDown()[pri:0, instance:actionExamples.ActionClass@51efea79]" name="tearDown" is-config="true" duration-ms="0" started-at="2020-01-28T17:15:55Z" finished-at="2020-01-28T17:15:55Z">
          <reporter-output>
          </reporter-output>
        </test-method> <!-- tearDown -->
      </class> <!-- actionExamples.ActionClass -->
    </test> <!-- Default test -->
  </suite> <!-- Default suite -->
</testng-results>
