<?xml version="1.0" encoding="UTF-8"?>
<!-- Generated by org.testng.reporters.JUnitXMLReporter -->
<testsuite hostname="DESKTOP-N3VJQK5" ignored="0" name="Functional Test" tests="2" failures="1" timestamp="25 Jan 2020 08:08:13 GMT" time="15.224" errors="0">
  <testcase name="calcTest" time="7.169" classname="DriverFactoryM.TestParallel"/>
  <testcase name="searchText" time="15.193" classname="DriverFactoryM.TestParallel">
    <failure type="java.lang.AssertionError" message="expected [true] but found [false]">
      <![CDATA[java.lang.AssertionError: expected [true] but found [false]
at DriverFactoryM.TestParallel.searchText(TestParallel.java:36)
at java.util.concurrent.ThreadPoolExecutor.runWorker(Unknown Source)
at java.util.concurrent.ThreadPoolExecutor$Worker.run(Unknown Source)
at java.lang.Thread.run(Unknown Source)
... Removed 14 stack frames]]>
    </failure>
  </testcase> <!-- searchText -->
</testsuite> <!-- Functional Test -->
